<?xml version="1.0" encoding="UTF-8"?>
<testsuite xmlns:xsi="http://www.w3.org/2001/XMLSchema-instance" xsi:schemaLocation="https://maven.apache.org/surefire/maven-surefire-plugin/xsd/surefire-test-report.xsd" name="runner.TestRunner" time="8.924" tests="7" errors="0" skipped="0" failures="0">
  <properties>
[...]
</properties>
  <testcase name="Given User is on Home Page" classname="Scenario: Successful Login and with Valid Credentials and logout" time="0"/>
  <testcase name="When User Navigate to LogIn Page" classname="Scenario: Successful Login and with Valid Credentials and logout" time="0"/>
  <testcase name="And User enters UserName and Password" classname="Scenario: Successful Login and with Valid Credentials and logout" time="0"/>
  <testcase name="Then Message displayed Login Successfully" classname="Scenario: Successful Login and with Valid Credentials and logout" time="0.001"/>
  <testcase name="When User LogOut from the Application" classname="Scenario: Successful Login and with Valid Credentials and logout" time="0"/>
  <testcase name="Then Message displayed LogOut Successfully" classname="Scenario: Successful Login and with Valid Credentials and logout" time="0"/>
  <testcase name="Scenario: Successful Login and with Valid Credentials and logout" classname="Scenario: Successful Login and with Valid Credentials and logout" time="2.979"/>
</testsuite>