<?xml version="1.0" encoding="UTF-8" standalone="no"?>
<testsuite failures="0" name="cucumber.runtime.formatter.JUnitFormatter" skipped="0" tests="1" time="0.164721">
<testcase classname="Belly" name="a few cukes" time="0.164721">
<system-out><![CDATA[Given I have 42 cukes in my belly...........................................passed
When I wait 1 hour..........................................................passed
Then my belly should growl..................................................passed
]]></system-out>
</testcase>
</testsuite>
